2022-11-09 15:49:24.166  INFO 7948 --- [main] com.novare.tredara.TredaraApplication    : Starting TredaraApplication using Java 17.0.2 on LAPTOP-1Q3RSF8L with PID 7948 (D:\SDA\GitHub\Tredara\tredara-backend\target\classes started by saila in D:\SDA\GitHub\Tredara)
2022-11-09 15:49:24.176  INFO 7948 --- [main] com.novare.tredara.TredaraApplication    : The following 1 profile is active: "dev"
2022-11-09 15:49:25.260  INFO 7948 --- [main] .s.d.r.c.RepositoryConfigurationDelegate : Bootstrapping Spring Data JPA repositories in DEFAULT mode.
2022-11-09 15:49:25.346  INFO 7948 --- [main] .s.d.r.c.RepositoryConfigurationDelegate : Finished Spring Data repository scanning in 75 ms. Found 4 JPA repository interfaces.
2022-11-09 15:49:26.137  INFO 7948 --- [main] o.s.b.w.embedded.tomcat.TomcatWebServer  : Tomcat initialized with port(s): 8080 (http)
2022-11-09 15:49:26.147  INFO 7948 --- [main] o.apache.catalina.core.StandardService   : Starting service [Tomcat]
2022-11-09 15:49:26.148  INFO 7948 --- [main] org.apache.catalina.core.StandardEngine  : Starting Servlet engine: [Apache Tomcat/9.0.68]
2022-11-09 15:49:26.246  INFO 7948 --- [main] o.a.c.c.C.[Tomcat].[localhost].[/]       : Initializing Spring embedded WebApplicationContext
2022-11-09 15:49:26.246  INFO 7948 --- [main] w.s.c.ServletWebServerApplicationContext : Root WebApplicationContext: initialization completed in 2002 ms
2022-11-09 15:49:26.444  INFO 7948 --- [main] o.hibernate.jpa.internal.util.LogHelper  : HHH000204: Processing PersistenceUnitInfo [name: default]
2022-11-09 15:49:26.506  INFO 7948 --- [main] org.hibernate.Version                    : HHH000412: Hibernate ORM core version 5.6.12.Final
2022-11-09 15:49:26.714  INFO 7948 --- [main] o.hibernate.annotations.common.Version   : HCANN000001: Hibernate Commons Annotations {5.1.2.Final}
2022-11-09 15:49:26.831  INFO 7948 --- [main] com.zaxxer.hikari.HikariDataSource       : HikariPool-1 - Starting...
2022-11-09 15:49:27.177  INFO 7948 --- [main] com.zaxxer.hikari.HikariDataSource       : HikariPool-1 - Start completed.
2022-11-09 15:49:27.193  INFO 7948 --- [main] org.hibernate.dialect.Dialect            : HHH000400: Using dialect: org.hibernate.dialect.MySQL5InnoDBDialect
2022-11-09 15:49:28.045  INFO 7948 --- [main] o.h.e.t.j.p.i.JtaPlatformInitiator       : HHH000490: Using JtaPlatform implementation: [org.hibernate.engine.transaction.jta.platform.internal.NoJtaPlatform]
2022-11-09 15:49:28.051  INFO 7948 --- [main] j.LocalContainerEntityManagerFactoryBean : Initialized JPA EntityManagerFactory for persistence unit 'default'
2022-11-09 15:49:28.795  WARN 7948 --- [main] JpaBaseConfiguration$JpaWebConfiguration : spring.jpa.open-in-view is enabled by default. Therefore, database queries may be performed during view rendering. Explicitly configure spring.jpa.open-in-view to disable this warning
2022-11-09 15:49:29.172  INFO 7948 --- [main] o.s.s.web.DefaultSecurityFilterChain     : Will secure any request with [org.springframework.security.web.session.DisableEncodeUrlFilter@2e5c245d, org.springframework.security.web.context.request.async.WebAsyncManagerIntegrationFilter@3c862522, org.springframework.security.web.context.SecurityContextPersistenceFilter@7983a5d5, org.springframework.security.web.header.HeaderWriterFilter@6e466fdf, org.springframework.web.filter.CorsFilter@64c37088, org.springframework.security.web.authentication.logout.LogoutFilter@6778636f, com.novare.tredara.security.jwt.AuthTokenFilter@270097ce, org.springframework.security.web.savedrequest.RequestCacheAwareFilter@109188b4, org.springframework.security.web.servletapi.SecurityContextHolderAwareRequestFilter@7091a016, org.springframework.security.web.authentication.AnonymousAuthenticationFilter@524c3e54, org.springframework.security.web.session.SessionManagementFilter@6d84ab90, org.springframework.security.web.access.ExceptionTranslationFilter@4b518645, org.springframework.security.web.access.intercept.FilterSecurityInterceptor@6aaf1ce8]
2022-11-09 15:49:29.391  INFO 7948 --- [main] o.s.b.w.embedded.tomcat.TomcatWebServer  : Tomcat started on port(s): 8080 (http) with context path ''
2022-11-09 15:49:29.400  INFO 7948 --- [main] com.novare.tredara.TredaraApplication    : Started TredaraApplication in 5.733 seconds (JVM running for 6.127)
2022-11-09 15:49:52.217  INFO 7948 --- [http-nio-8080-exec-1] o.a.c.c.C.[Tomcat].[localhost].[/]       : Initializing Spring DispatcherServlet 'dispatcherServlet'
2022-11-09 15:49:52.217  INFO 7948 --- [http-nio-8080-exec-1] o.s.web.servlet.DispatcherServlet        : Initializing Servlet 'dispatcherServlet'
2022-11-09 15:49:52.218  INFO 7948 --- [http-nio-8080-exec-1] o.s.web.servlet.DispatcherServlet        : Completed initialization in 1 ms
